<?xml version="1.0" encoding="utf-8"?><testsuites name="pytest tests"><testsuite name="pytest" errors="0" failures="1" skipped="0" tests="12" time="4.791" timestamp="2026-05-05T20:42:22.717447+00:00" hostname="agent-env-17ead71d-4f8e-4668-acd4-6c99cc332ecb"><testcase classname="backend.tests.backend_test" name="test_root" time="0.299" /><testcase classname="backend.tests.backend_test" name="test_login_invalid" time="0.389" /><testcase classname="backend.tests.backend_test" name="test_me_requires_auth" time="0.098" /><testcase classname="backend.tests.backend_test" name="test_me_with_bearer" time="0.460" /><testcase classname="backend.tests.backend_test" name="test_register_and_login" time="0.326"><failure message="AssertionError: assert 'test_796b85bd9d@example.com' == 'TEST_796b85bd9d@example.com'&#10;  &#10;  - TEST_796b85bd9d@example.com&#10;  ? ^^^^&#10;  + test_796b85bd9d@example.com&#10;  ? ^^^^">backend/tests/backend_test.py:68: in test_register_and_login
    assert data["email"] == unique
E   AssertionError: assert 'test_796b85bd9d@example.com' == 'TEST_796b85bd9d@example.com'
E     
E     - TEST_796b85bd9d@example.com
E     ? ^^^^
E     + test_796b85bd9d@example.com
E     ? ^^^^</failure></testcase><testcase classname="backend.tests.backend_test" name="test_opportunities_list" time="0.985" /><testcase classname="backend.tests.backend_test" name="test_opportunities_meta" time="0.131" /><testcase classname="backend.tests.backend_test" name="test_opportunities_filter_risk" time="0.116" /><testcase classname="backend.tests.backend_test" name="test_opportunities_sort_tvl" time="0.121" /><testcase classname="backend.tests.backend_test" name="test_watchlist_crud" time="0.929" /><testcase classname="backend.tests.backend_test" name="test_alerts_crud" time="0.409" /><testcase classname="backend.tests.backend_test" name="test_settings_get_and_update" time="0.334" /></testsuite></testsuites>